18:09:46: Creating resource group General
18:09:46: Creating resource group Internal
18:09:46: Creating resource group Autodetect
18:09:46: SceneManagerFactory for type 'DefaultSceneManager' registered.
18:09:46: Registering ResourceManager for type Material
18:09:46: Registering ResourceManager for type Mesh
18:09:46: Registering ResourceManager for type Mesh2
18:09:46: Registering ResourceManager for type OldSkeleton
18:09:46: MovableObjectFactory for type 'ParticleSystem' registered.
18:09:46: ArchiveFactory for archive type FileSystem registered.
18:09:46: ArchiveFactory for archive type Zip registered.
18:09:46: ArchiveFactory for archive type EmbeddedZip registered.
18:09:46: DDS codec registering
18:09:46: FreeImage version: 3.18.0
18:09:46: This program uses FreeImage, a free, open source image library supporting all common bitmap formats. See http://freeimage.sourceforge.net for details
18:09:46: Supported formats: bmp,ico,jpg,jif,jpeg,jpe,jng,koa,iff,lbm,mng,pbm,pbm,pcd,pcx,pgm,pgm,png,ppm,ppm,ras,tga,targa,tif,tiff,wap,wbmp,wbm,psd,psb,cut,xbm,xpm,gif,hdr,g3,sgi,rgb,rgba,bw,exr,j2k,j2c,jp2,pfm,pct,pict,pic,3fr,arw,bay,bmq,cap,cine,cr2,crw,cs1,dc2,dcr,drf,dsc,dng,erf,fff,ia,iiq,k25,kc2,kdc,mdc,mef,mos,mrw,nef,nrw,orf,pef,ptx,pxn,qtk,raf,raw,rdc,rw2,rwl,rwz,sr2,srf,srw,sti,x3f,webp,jxr,wdp,hdp
18:09:46: OITD codec registering
18:09:46: Registering ResourceManager for type HighLevelGpuProgram
18:09:46: MovableObjectFactory for type 'Decal' registered.
18:09:46: MovableObjectFactory for type 'InternalCubemapProbe' registered.
18:09:46: MovableObjectFactory for type 'Entity' registered.
18:09:46: MovableObjectFactory for type 'Item' registered.
18:09:46: MovableObjectFactory for type 'Light' registered.
18:09:46: MovableObjectFactory for type 'Rectangle2Dv2' registered.
18:09:46: MovableObjectFactory for type 'BillboardSet' registered.
18:09:46: MovableObjectFactory for type 'ManualObject2' registered.
18:09:46: MovableObjectFactory for type 'BillboardChain' registered.
18:09:46: MovableObjectFactory for type 'RibbonTrail' registered.
18:09:46: MovableObjectFactory for type 'WireAabb' registered.
18:09:46: *-*-* OGRE Initialising
18:09:46: *-*-* Version 2.2.5 (Cerberus)
18:09:46: OverlayElementFactory for type Panel registered.
18:09:46: OverlayElementFactory for type BorderPanel registered.
18:09:46: OverlayElementFactory for type TextArea registered.
18:09:46: Registering ResourceManager for type Font
18:09:46: Loading library /usr/lib/aarch64-linux-gnu/OGRE-Next/RenderSystem_GL3Plus.so
18:09:46: Installing plugin: GL 3+ RenderSystem
18:09:46: OpenGL 3+ Rendering Subsystem created.
18:09:46: Found Num EGL Devices: 1
18:09:46: EGL Device: EGL_MESA_device_software EGL_EXT_device_drm_render_node #0
18:09:46: Trying to init device: EGL_MESA_device_software EGL_EXT_device_drm_render_node #0...
18:09:46: Created GL 4.5 context for device EGL_MESA_device_software EGL_EXT_device_drm_render_node #0
18:09:46: Destroying device: EGL_MESA_device_software EGL_EXT_device_drm_render_node #0...
18:09:46: Plugin successfully installed
18:09:46: Loading library /usr/lib/aarch64-linux-gnu/OGRE-Next/Plugin_ParticleFX.so
18:09:46: Installing plugin: ParticleFX
18:09:46: Particle Emitter Type 'Point' registered
18:09:46: Particle Emitter Type 'Box' registered
18:09:46: Particle Emitter Type 'Ellipsoid' registered
18:09:46: Particle Emitter Type 'Cylinder' registered
18:09:46: Particle Emitter Type 'Ring' registered
18:09:46: Particle Emitter Type 'HollowEllipsoid' registered
18:09:46: Particle Affector Type 'LinearForce' registered
18:09:46: Particle Affector Type 'ColourFader' registered
18:09:46: Particle Affector Type 'ColourFader2' registered
18:09:46: Particle Affector Type 'ColourImage' registered
18:09:46: Particle Affector Type 'ColourInterpolator' registered
18:09:46: Particle Affector Type 'Scaler' registered
18:09:46: Particle Affector Type 'Rotator' registered
18:09:46: Particle Affector Type 'DirectionRandomiser' registered
18:09:46: Particle Affector Type 'DeflectorPlane' registered
18:09:46: Plugin successfully installed
18:09:46: CPU Identifier & Features
18:09:46: -------------------------
18:09:46:  *   CPU ID: 
18:09:46:  *   Logical cores: 8
18:09:46:  *     NEON: no
18:09:46: -------------------------
18:09:46: ******************************
*** Starting GLX Subsystem ***
******************************
18:09:46: GL3PlusRenderSystem::_createRenderWindow "OgreWindow(0)_0", 1x1 windowed  miscParams: FSAA=0 border=none contentScalingFactor=1.000000 currentGLContext=true externalGLControl=true gamma=Yes parentWindowHandle=4194316 stereoMode=Frame Sequential 
18:09:46: GLXWindow::create used FBConfigID = 322
18:09:46: GL Version = 4.5.0.0
18:09:46: GL_VERSION = 4.5 (Compatibility Profile) Mesa 23.2.1-1ubuntu3.1~22.04.3
18:09:46: GL_VENDOR = Mesa
18:09:46: GL_RENDERER = llvmpipe (LLVM 15.0.7, 128 bits)
18:09:46: GL_EXTENSIONS = 
18:09:46: GL_3DFX_texture_compression_FXT1
18:09:46: GL_AMD_conservative_depth
18:09:46: GL_AMD_draw_buffers_blend
18:09:46: GL_AMD_multi_draw_indirect
18:09:46: GL_AMD_pinned_memory
18:09:46: GL_AMD_query_buffer_object
18:09:46: GL_AMD_seamless_cubemap_per_texture
18:09:46: GL_AMD_shader_stencil_export
18:09:46: GL_AMD_shader_trinary_minmax
18:09:46: GL_AMD_texture_texture4
18:09:46: GL_AMD_vertex_shader_layer
18:09:46: GL_AMD_vertex_shader_viewport_index
18:09:46: GL_ANGLE_texture_compression_dxt3
18:09:46: GL_ANGLE_texture_compression_dxt5
18:09:46: GL_APPLE_packed_pixels
18:09:46: GL_ARB_ES2_compatibility
18:09:46: GL_ARB_ES3_1_compatibility
18:09:46: GL_ARB_ES3_2_compatibility
18:09:46: GL_ARB_ES3_compatibility
18:09:46: GL_ARB_arrays_of_arrays
18:09:46: GL_ARB_base_instance
18:09:46: GL_ARB_blend_func_extended
18:09:46: GL_ARB_buffer_storage
18:09:46: GL_ARB_clear_buffer_object
18:09:46: GL_ARB_clear_texture
18:09:46: GL_ARB_clip_control
18:09:46: GL_ARB_color_buffer_float
18:09:46: GL_ARB_compatibility
18:09:46: GL_ARB_compressed_texture_pixel_storage
18:09:46: GL_ARB_compute_shader
18:09:46: GL_ARB_conditional_render_inverted
18:09:46: GL_ARB_conservative_depth
18:09:46: GL_ARB_copy_buffer
18:09:46: GL_ARB_copy_image
18:09:46: GL_ARB_cull_distance
18:09:46: GL_ARB_debug_output
18:09:46: GL_ARB_depth_buffer_float
18:09:46: GL_ARB_depth_clamp
18:09:46: GL_ARB_depth_texture
18:09:46: GL_ARB_derivative_control
18:09:46: GL_ARB_direct_state_access
18:09:46: GL_ARB_draw_buffers
18:09:46: GL_ARB_draw_buffers_blend
18:09:46: GL_ARB_draw_elements_base_vertex
18:09:46: GL_ARB_draw_indirect
18:09:46: GL_ARB_draw_instanced
18:09:46: GL_ARB_enhanced_layouts
18:09:46: GL_ARB_explicit_attrib_location
18:09:46: GL_ARB_explicit_uniform_location
18:09:46: GL_ARB_fragment_coord_conventions
18:09:46: GL_ARB_fragment_layer_viewport
18:09:46: GL_ARB_fragment_program
18:09:46: GL_ARB_fragment_program_shadow
18:09:46: GL_ARB_fragment_shader
18:09:46: GL_ARB_framebuffer_no_attachments
18:09:46: GL_ARB_framebuffer_object
18:09:46: GL_ARB_framebuffer_sRGB
18:09:46: GL_ARB_get_program_binary
18:09:46: GL_ARB_get_texture_sub_image
18:09:46: GL_ARB_gl_spirv
18:09:46: GL_ARB_gpu_shader5
18:09:46: GL_ARB_gpu_shader_fp64
18:09:46: GL_ARB_gpu_shader_int64
18:09:46: GL_ARB_half_float_pixel
18:09:46: GL_ARB_half_float_vertex
18:09:46: GL_ARB_indirect_parameters
18:09:46: GL_ARB_instanced_arrays
18:09:46: GL_ARB_internalformat_query
18:09:46: GL_ARB_internalformat_query2
18:09:46: GL_ARB_invalidate_subdata
18:09:46: GL_ARB_map_buffer_alignment
18:09:46: GL_ARB_map_buffer_range
18:09:46: GL_ARB_multi_bind
18:09:46: GL_ARB_multi_draw_indirect
18:09:46: GL_ARB_multisample
18:09:46: GL_ARB_multitexture
18:09:46: GL_ARB_occlusion_query
18:09:46: GL_ARB_occlusion_query2
18:09:46: GL_ARB_parallel_shader_compile
18:09:46: GL_ARB_pipeline_statistics_query
18:09:46: GL_ARB_pixel_buffer_object
18:09:46: GL_ARB_point_parameters
18:09:46: GL_ARB_point_sprite
18:09:46: GL_ARB_polygon_offset_clamp
18:09:46: GL_ARB_post_depth_coverage
18:09:46: GL_ARB_program_interface_query
18:09:46: GL_ARB_provoking_vertex
18:09:46: GL_ARB_query_buffer_object
18:09:46: GL_ARB_robust_buffer_access_behavior
18:09:46: GL_ARB_robustness
18:09:46: GL_ARB_sample_shading
18:09:46: GL_ARB_sampler_objects
18:09:46: GL_ARB_seamless_cube_map
18:09:46: GL_ARB_seamless_cubemap_per_texture
18:09:46: GL_ARB_separate_shader_objects
18:09:46: GL_ARB_shader_atomic_counter_ops
18:09:46: GL_ARB_shader_atomic_counters
18:09:46: GL_ARB_shader_ballot
18:09:46: GL_ARB_shader_bit_encoding
18:09:46: GL_ARB_shader_clock
18:09:46: GL_ARB_shader_draw_parameters
18:09:46: GL_ARB_shader_group_vote
18:09:46: GL_ARB_shader_image_load_store
18:09:46: GL_ARB_shader_image_size
18:09:46: GL_ARB_shader_objects
18:09:46: GL_ARB_shader_precision
18:09:46: GL_ARB_shader_stencil_export
18:09:46: GL_ARB_shader_storage_buffer_object
18:09:46: GL_ARB_shader_subroutine
18:09:46: GL_ARB_shader_texture_image_samples
18:09:46: GL_ARB_shader_texture_lod
18:09:46: GL_ARB_shader_viewport_layer_array
18:09:46: GL_ARB_shading_language_100
18:09:46: GL_ARB_shading_language_420pack
18:09:46: GL_ARB_shading_language_include
18:09:46: GL_ARB_shading_language_packing
18:09:46: GL_ARB_shadow
18:09:46: GL_ARB_spirv_extensions
18:09:46: GL_ARB_stencil_texturing
18:09:46: GL_ARB_sync
18:09:46: GL_ARB_tessellation_shader
18:09:46: GL_ARB_texture_barrier
18:09:46: GL_ARB_texture_border_clamp
18:09:46: GL_ARB_texture_buffer_object
18:09:46: GL_ARB_texture_buffer_object_rgb32
18:09:46: GL_ARB_texture_buffer_range
18:09:46: GL_ARB_texture_compression
18:09:46: GL_ARB_texture_compression_bptc
18:09:46: GL_ARB_texture_compression_rgtc
18:09:46: GL_ARB_texture_cube_map
18:09:46: GL_ARB_texture_cube_map_array
18:09:46: GL_ARB_texture_env_add
18:09:46: GL_ARB_texture_env_combine
18:09:46: GL_ARB_texture_env_crossbar
18:09:46: GL_ARB_texture_env_dot3
18:09:46: GL_ARB_texture_filter_anisotropic
18:09:46: GL_ARB_texture_filter_minmax
18:09:46: GL_ARB_texture_float
18:09:46: GL_ARB_texture_gather
18:09:46: GL_ARB_texture_mirror_clamp_to_edge
18:09:46: GL_ARB_texture_mirrored_repeat
18:09:46: GL_ARB_texture_multisample
18:09:46: GL_ARB_texture_non_power_of_two
18:09:46: GL_ARB_texture_query_levels
18:09:46: GL_ARB_texture_query_lod
18:09:46: GL_ARB_texture_rectangle
18:09:46: GL_ARB_texture_rg
18:09:46: GL_ARB_texture_rgb10_a2ui
18:09:46: GL_ARB_texture_stencil8
18:09:46: GL_ARB_texture_storage
18:09:46: GL_ARB_texture_storage_multisample
18:09:46: GL_ARB_texture_swizzle
18:09:46: GL_ARB_texture_view
18:09:46: GL_ARB_timer_query
18:09:46: GL_ARB_transform_feedback2
18:09:46: GL_ARB_transform_feedback3
18:09:46: GL_ARB_transform_feedback_instanced
18:09:46: GL_ARB_transform_feedback_overflow_query
18:09:46: GL_ARB_transpose_matrix
18:09:46: GL_ARB_uniform_buffer_object
18:09:46: GL_ARB_vertex_array_bgra
18:09:46: GL_ARB_vertex_array_object
18:09:46: GL_ARB_vertex_attrib_64bit
18:09:46: GL_ARB_vertex_attrib_binding
18:09:46: GL_ARB_vertex_buffer_object
18:09:46: GL_ARB_vertex_program
18:09:46: GL_ARB_vertex_shader
18:09:46: GL_ARB_vertex_type_10f_11f_11f_rev
18:09:46: GL_ARB_vertex_type_2_10_10_10_rev
18:09:46: GL_ARB_viewport_array
18:09:46: GL_ARB_window_pos
18:09:46: GL_ARM_shader_framebuffer_fetch_depth_stencil
18:09:46: GL_ATI_blend_equation_separate
18:09:46: GL_ATI_draw_buffers
18:09:46: GL_ATI_fragment_shader
18:09:46: GL_ATI_meminfo
18:09:46: GL_ATI_separate_stencil
18:09:46: GL_ATI_texture_compression_3dc
18:09:46: GL_ATI_texture_env_combine3
18:09:46: GL_ATI_texture_float
18:09:46: GL_ATI_texture_mirror_once
18:09:46: GL_EXT_EGL_image_storage
18:09:46: GL_EXT_EGL_sync
18:09:46: GL_EXT_abgr
18:09:46: GL_EXT_bgra
18:09:46: GL_EXT_blend_color
18:09:46: GL_EXT_blend_equation_separate
18:09:46: GL_EXT_blend_func_separate
18:09:46: GL_EXT_blend_minmax
18:09:46: GL_EXT_blend_subtract
18:09:46: GL_EXT_compiled_vertex_array
18:09:46: GL_EXT_copy_texture
18:09:46: GL_EXT_debug_label
18:09:46: GL_EXT_direct_state_access
18:09:46: GL_EXT_draw_buffers2
18:09:46: GL_EXT_draw_instanced
18:09:46: GL_EXT_draw_range_elements
18:09:46: GL_EXT_fog_coord
18:09:46: GL_EXT_framebuffer_blit
18:09:46: GL_EXT_framebuffer_multisample
18:09:46: GL_EXT_framebuffer_multisample_blit_scaled
18:09:46: GL_EXT_framebuffer_object
18:09:46: GL_EXT_framebuffer_sRGB
18:09:46: GL_EXT_gpu_program_parameters
18:09:46: GL_EXT_gpu_shader4
18:09:46: GL_EXT_memory_object
18:09:46: GL_EXT_memory_object_fd
18:09:46: GL_EXT_multi_draw_arrays
18:09:46: GL_EXT_packed_depth_stencil
18:09:46: GL_EXT_packed_float
18:09:46: GL_EXT_packed_pixels
18:09:46: GL_EXT_pixel_buffer_object
18:09:46: GL_EXT_point_parameters
18:09:46: GL_EXT_polygon_offset_clamp
18:09:46: GL_EXT_provoking_vertex
18:09:46: GL_EXT_rescale_normal
18:09:46: GL_EXT_secondary_color
18:09:46: GL_EXT_separate_specular_color
18:09:46: GL_EXT_shader_framebuffer_fetch
18:09:46: GL_EXT_shader_framebuffer_fetch_non_coherent
18:09:46: GL_EXT_shader_integer_mix
18:09:46: GL_EXT_shadow_funcs
18:09:46: GL_EXT_stencil_two_side
18:09:46: GL_EXT_stencil_wrap
18:09:46: GL_EXT_subtexture
18:09:46: GL_EXT_texture
18:09:46: GL_EXT_texture3D
18:09:46: GL_EXT_texture_array
18:09:46: GL_EXT_texture_buffer_object
18:09:46: GL_EXT_texture_compression_dxt1
18:09:46: GL_EXT_texture_compression_latc
18:09:46: GL_EXT_texture_compression_rgtc
18:09:46: GL_EXT_texture_compression_s3tc
18:09:46: GL_EXT_texture_cube_map
18:09:46: GL_EXT_texture_edge_clamp
18:09:46: GL_EXT_texture_env_add
18:09:46: GL_EXT_texture_env_combine
18:09:46: GL_EXT_texture_env_dot3
18:09:46: GL_EXT_texture_filter_anisotropic
18:09:46: GL_EXT_texture_filter_minmax
18:09:46: GL_EXT_texture_integer
18:09:46: GL_EXT_texture_lod_bias
18:09:46: GL_EXT_texture_mirror_clamp
18:09:46: GL_EXT_texture_object
18:09:46: GL_EXT_texture_rectangle
18:09:46: GL_EXT_texture_sRGB
18:09:46: GL_EXT_texture_sRGB_R8
18:09:46: GL_EXT_texture_sRGB_RG8
18:09:46: GL_EXT_texture_sRGB_decode
18:09:46: GL_EXT_texture_shadow_lod
18:09:46: GL_EXT_texture_shared_exponent
18:09:46: GL_EXT_texture_snorm
18:09:46: GL_EXT_texture_swizzle
18:09:46: GL_EXT_timer_query
18:09:46: GL_EXT_transform_feedback
18:09:46: GL_EXT_vertex_array
18:09:46: GL_EXT_vertex_array_bgra
18:09:46: GL_EXT_vertex_attrib_64bit
18:09:46: GL_IBM_multimode_draw_arrays
18:09:46: GL_IBM_rasterpos_clip
18:09:46: GL_IBM_texture_mirrored_repeat
18:09:46: GL_INGR_blend_func_separate
18:09:46: GL_INTEL_shader_atomic_float_minmax
18:09:46: GL_KHR_blend_equation_advanced
18:09:46: GL_KHR_blend_equation_advanced_coherent
18:09:46: GL_KHR_context_flush_control
18:09:46: GL_KHR_debug
18:09:46: GL_KHR_no_error
18:09:46: GL_KHR_parallel_shader_compile
18:09:46: GL_KHR_robust_buffer_access_behavior
18:09:46: GL_KHR_robustness
18:09:46: GL_KHR_texture_compression_astc_ldr
18:09:46: GL_KHR_texture_compression_astc_sliced_3d
18:09:46: GL_MESA_framebuffer_flip_y
18:09:46: GL_MESA_pack_invert
18:09:46: GL_MESA_shader_integer_functions
18:09:46: GL_MESA_texture_signed_rgba
18:09:46: GL_MESA_window_pos
18:09:46: GL_MESA_ycbcr_texture
18:09:46: GL_NVX_gpu_memory_info
18:09:46: GL_NV_ES1_1_compatibility
18:09:46: GL_NV_blend_square
18:09:46: GL_NV_conditional_render
18:09:46: GL_NV_copy_depth_to_color
18:09:46: GL_NV_copy_image
18:09:46: GL_NV_depth_clamp
18:09:46: GL_NV_fog_distance
18:09:46: GL_NV_half_float
18:09:46: GL_NV_light_max_exponent
18:09:46: GL_NV_packed_depth_stencil
18:09:46: GL_NV_primitive_restart
18:09:46: GL_NV_shader_atomic_float
18:09:46: GL_NV_texgen_reflection
18:09:46: GL_NV_texture_barrier
18:09:46: GL_NV_texture_env_combine4
18:09:46: GL_NV_texture_rectangle
18:09:46: GL_OES_EGL_image
18:09:46: GL_OES_read_format
18:09:46: GL_S3_s3tc
18:09:46: GL_SGIS_generate_mipmap
18:09:46: GL_SGIS_texture_border_clamp
18:09:46: GL_SGIS_texture_edge_clamp
18:09:46: GL_SGIS_texture_lod
18:09:46: GL_SUN_multi_draw_arrays
18:09:46: **************************************
18:09:46: ***   OpenGL 3+ Renderer Started   ***
18:09:46: **************************************
18:09:46: Registering ResourceManager for type GpuProgram
18:09:46: RenderSystem capabilities
18:09:46: -------------------------
18:09:46: RenderSystem Name: OpenGL 3+ Rendering Subsystem
18:09:46: GPU Vendor: unknown
18:09:46: Device Name: llvmpipe (LLVM 15.0.7, 128 bits)
18:09:46: Driver Version: 4.5.0.0
18:09:46:  * Fixed function pipeline: no
18:09:46:  * Hardware generation of mipmaps: yes
18:09:46:  * Texture blending: yes
18:09:46:  * Anisotropic texture filtering: yes
18:09:46:  * Dot product texture operation: yes
18:09:46:  * Cube mapping: yes
18:09:46:  * Hardware stencil buffer: yes
18:09:46:    - Stencil depth: 8
18:09:46:    - Two sided stencil support: yes
18:09:46:    - Wrap stencil values: yes
18:09:46:  * Hardware vertex / index buffers: yes
18:09:46:  * 32-bit index buffers: yes
18:09:46:  * Vertex programs: yes
18:09:46:  * Number of floating-point constants for vertex programs: 16384
18:09:46:  * Number of integer constants for vertex programs: 16384
18:09:46:  * Number of boolean constants for vertex programs: 16384
18:09:46:  * Fragment programs: yes
18:09:46:  * Number of floating-point constants for fragment programs: 16384
18:09:46:  * Number of integer constants for fragment programs: 16384
18:09:46:  * Number of boolean constants for fragment programs: 16384
18:09:46:  * Geometry programs: yes
18:09:46:  * Number of floating-point constants for geometry programs: 16384
18:09:46:  * Number of integer constants for geometry programs: 16384
18:09:46:  * Number of boolean constants for geometry programs: 16384
18:09:46:  * Tessellation Hull programs: yes
18:09:46:  * Number of floating-point constants for tessellation hull programs: 16384
18:09:46:  * Number of integer constants for tessellation hull programs: 16384
18:09:46:  * Number of boolean constants for tessellation hull programs: 16384
18:09:46:  * Tessellation Domain programs: yes
18:09:46:  * Number of floating-point constants for tessellation domain programs: 16384
18:09:46:  * Number of integer constants for tessellation domain programs: 16384
18:09:46:  * Number of boolean constants for tessellation domain programs: 16384
18:09:46:  * Compute programs: yes
18:09:46:  * Number of floating-point constants for compute programs: 16384
18:09:46:  * Number of integer constants for compute programs: 16384
18:09:46:  * Number of boolean constants for compute programs: 16384
18:09:46:  * Supported Shader Profiles: glsl glsl130 glsl140 glsl150 glsl330 glsl400 glsl410 glsl420 glsl430 glsl440
18:09:46:  * Texture Compression: yes
18:09:46:    - DXT: yes
18:09:46:    - VTC: no
18:09:46:    - PVRTC: no
18:09:46:    - ATC: no
18:09:46:    - ETC1: no
18:09:46:    - ETC2: yes
18:09:46:    - BC4/BC5: yes
18:09:46:    - BC6H/BC7: yes
18:09:46:    - ASTC: yes
18:09:46:  * Hardware Occlusion Query: yes
18:09:46:  * User clip planes: yes
18:09:46:  * VET_UBYTE4 vertex element type: yes
18:09:46:  * Infinite far plane projection: yes
18:09:46:  * Hardware render-to-texture: yes
18:09:46:  * Floating point textures: yes
18:09:46:  * Non-power-of-two textures: yes
18:09:46:  * 1d textures: yes
18:09:46:  * Volume textures: yes
18:09:46:  * Max Texture resolution (2D) 16384
18:09:46:  * Max Texture resolution (3D) 2048
18:09:46:  * Max Texture resolution (Cubemaps) 16384
18:09:46:  * Multiple Render Targets: 8
18:09:46:    - With different bit depths: yes
18:09:46:  * Point Sprites: yes
18:09:46:  * Extended point parameters: yes
18:09:46:  * Max Point Size: 255
18:09:46:  * Vertex texture fetch: yes
18:09:46:  * Number of world matrices: 0
18:09:46:  * Number of texture units: 16
18:09:46:  * Stencil buffer depth: 8
18:09:46:  * Number of vertex blend matrices: 0
18:09:46:    - Max vertex textures: 32
18:09:46:    - Vertex textures shared: yes
18:09:46:  * Render to Vertex Buffer : yes
18:09:46:  * Hardware Atomic Counters: yes
18:09:46:  * Compute max threads per threadgroup per axis: 1024, 1024, 64
18:09:46:  * Compute max threads per threadgroup total: 1024
18:09:46:  * GL 1.5 without VBO workaround: no
18:09:46:  * Frame Buffer objects: yes
18:09:46:  * Frame Buffer objects (ARB extension): no
18:09:46:  * Frame Buffer objects (ATI extension): no
18:09:46:  * PBuffer support: no
18:09:46:  * GL 1.5 without HW-occlusion workaround: no
18:09:46:  * Vertex Array Objects: yes
18:09:46:  * Separate shader objects: no
18:09:46:  * Using Reverse Z: yes
18:09:47: DefaultWorkQueue('Root') initialising on thread main.
18:09:47: Particle Renderer Type 'billboard' registered
18:09:47: Added resource location '/usr/share/ignition/ignition-rendering6/ogre2/media/2.0/scripts/Compositors' of type 'FileSystem' to resource group 'General'
18:09:47: Added resource location '/usr/share/ignition/ignition-rendering6/ogre2/media/2.0/scripts/materials/Common' of type 'FileSystem' to resource group 'General'
18:09:47: Added resource location '/usr/share/ignition/ignition-rendering6/ogre2/media/2.0/scripts/materials/Common/GLSL' of type 'FileSystem' to resource group 'General'
18:09:47: Added resource location '/usr/share/ignition/ignition-rendering6/ogre2/media/2.0/scripts/materials/Common/GLSLES' of type 'FileSystem' to resource group 'General'
18:09:47: Added resource location '/usr/share/ignition/ignition-rendering6/ogre2/media/2.0/scripts/materials/Terra' of type 'FileSystem' to resource group 'General'
18:09:47: Added resource location '/usr/share/ignition/ignition-rendering6/ogre2/media/2.0/scripts/materials/Terra/GLSL' of type 'FileSystem' to resource group 'General'
18:09:47: Added resource location '/usr/share/ignition/ignition-rendering6/ogre2/media' of type 'FileSystem' to resource group 'General'
18:09:47: Added resource location '/usr/share/ignition/ignition-rendering6/ogre2/media/materials/programs' of type 'FileSystem' to resource group 'General'
18:09:47: Added resource location '/usr/share/ignition/ignition-rendering6/ogre2/media/materials/programs/GLSL' of type 'FileSystem' to resource group 'General'
18:09:47: Added resource location '/usr/share/ignition/ignition-rendering6/ogre2/media/materials/programs/Metal' of type 'FileSystem' to resource group 'General'
18:09:47: Added resource location '/usr/share/ignition/ignition-rendering6/ogre2/media/materials/scripts' of type 'FileSystem' to resource group 'General'
18:09:47: Added resource location '/usr/share/ignition/ignition-rendering6/ogre2/media/materials/textures' of type 'FileSystem' to resource group 'General'
18:09:47: Parsing scripts for resource group Autodetect
18:09:47: Finished parsing scripts for resource group Autodetect
18:09:47: Creating resources for group Autodetect
18:09:47: All done
18:09:47: Parsing scripts for resource group General
18:09:47: Parsing script Quad.program
18:09:47: Parsing script DepthUtils.material
18:09:47: Parsing script DPSM.material
18:09:47: Parsing script EsmGaussianBlurLogFilter.material
18:09:47: Parsing script Copyback.material
18:09:47: Parsing script GpuNormalMapper.material
18:09:47: Parsing script depth_camera.material
18:09:47: Parsing script selection_buffer.material
18:09:47: Parsing script skybox.material
18:09:47: Parsing script point_cloud_point.material
18:09:47: Parsing script gpu_rays.material
18:09:47: Parsing script gaussian_noise.material
18:09:47: Parsing script picker.material
18:09:47: Parsing script thermal.material
18:09:47: Parsing script GpuNormalMapper.compositor
18:09:47: Parsing script TerraShadowGenerator.compositor
18:09:47: Parsing script EsmGaussianBlurLogFilter.material.json
18:09:47: Parsing script Mipmaps.material.json
18:09:47: Parsing script TerraShadowGenerator.material.json
18:09:47: Finished parsing scripts for resource group General
18:09:47: Creating resources for group General
18:09:47: All done
18:09:47: Parsing scripts for resource group Internal
18:09:47: Finished parsing scripts for resource group Internal
18:09:47: Creating resources for group Internal
18:09:47: All done
18:09:47: Added resource location '/usr/share/ignition/ignition-rendering6/media/materials/textures/' of type 'FileSystem' to resource group 'General'
18:09:48: WARNING: Deleting mapped buffer without having it unmapped. This is often sign of a resource leak or a bad pattern. Umapping the buffer for you...
18:09:48: WARNING: Deleting mapped buffer without having it unmapped. This is often sign of a resource leak or a bad pattern. Umapping the buffer for you...
18:09:48: WARNING: Deleting mapped buffer without having it unmapped. This is often sign of a resource leak or a bad pattern. Umapping the buffer for you...
18:09:50: Can't assign material scene::Material(65515) because this Material does not exist. Have you forgotten to define it in a .material script?
