_XSERVTransmkdir: ERROR: euid != 0,directory /tmp/.X11-unix will not be created.

Xvnc TigerVNC 1.12.0 - built 2024-01-23 19:20
Copyright (C) 1999-2021 TigerVNC Team and many others (see README.rst)
See https://www.tigervnc.org for information on TigerVNC.
Underlying X server release 12101004, X.Org


Sat Jan 18 17:40:16 2025
 vncext:      VNC extension running!
 vncext:      Listening for VNC connections on all interface(s), port 5901
 vncext:      created VNC server for screen 0
3NI3X0 New Xtigervnc server 'aff427140c07:1 (zarquon)' on port 5901 for display :1.
3NI3X0 Use xtigervncviewer -SecurityTypes None aff427140c07:1 to connect to the VNC server.
[mi] mieq: warning: overriding existing handler (nil) with 0xaaaab82731e0 for event 2
[mi] mieq: warning: overriding existing handler (nil) with 0xaaaab82731e0 for event 3
Openbox-Message: Unable to find a valid menu file "/var/lib/openbox/debian-menu.xml"

ERROR: openbox-xdg-autostart requires PyXDG to be installed

Sat Jan 18 17:40:35 2025
 Connections: accepted: 172.19.0.1::61432
 SConnection: Client needs protocol version 3.8
 SConnection: Client requests security type None(1)
 VNCSConnST:  Server default pixel format depth 24 (32bpp) little-endian rgb888
 ComparingUpdateTracker: 0 pixels in / 0 pixels out
 ComparingUpdateTracker: (1:nan ratio)

Sat Jan 18 17:40:38 2025
 VNCSConnST:  closing 172.19.0.1::61432: Clean disconnection
 EncodeManager: Framebuffer updates: 3
 EncodeManager:   Tight:
 EncodeManager:     Solid: 5 rects, 1.1304 Mpixels
 EncodeManager:            80 B (1:56520.8 ratio)
 EncodeManager:     Bitmap RLE: 1 rects, 160 pixels
 EncodeManager:                 68 B (1:9.58824 ratio)
 EncodeManager:   Total: 6 rects, 1.13056 Mpixels
 EncodeManager:          148 B (1:30556.2 ratio)
 Connections: closed: 172.19.0.1::61432
 ComparingUpdateTracker: 0 pixels in / 0 pixels out
 ComparingUpdateTracker: (1:nan ratio)
X connection to :1 broken (explicit kill or server shutdown).

Sat Jan 18 17:40:45 2025
 ComparingUpdateTracker: 0 pixels in / 0 pixels out
 ComparingUpdateTracker: (1:nan ratio)
The X session exited with status 1!
Killing Xtigervnc process ID 53... success!
