_XSERVTransmkdir: ERROR: euid != 0,directory /tmp/.X11-unix will not be created.

Xvnc TigerVNC 1.12.0 - built 2024-01-23 19:20
Copyright (C) 1999-2021 TigerVNC Team and many others (see README.rst)
See https://www.tigervnc.org for information on TigerVNC.
Underlying X server release 12101004, X.Org


Sat Jan 18 18:09:22 2025
 vncext:      VNC extension running!
 vncext:      Listening for VNC connections on all interface(s), port 5901
 vncext:      created VNC server for screen 0
3NI3X0 New Xtigervnc server 'b392661bba9a:1 (zarquon)' on port 5901 for display :1.
3NI3X0 Use xtigervncviewer -SecurityTypes None b392661bba9a:1 to connect to the VNC server.
[mi] mieq: warning: overriding existing handler (nil) with 0xaaaabb5c31e0 for event 2
[mi] mieq: warning: overriding existing handler (nil) with 0xaaaabb5c31e0 for event 3
Openbox-Message: Unable to find a valid menu file "/var/lib/openbox/debian-menu.xml"

ERROR: openbox-xdg-autostart requires PyXDG to be installed

Sat Jan 18 18:09:35 2025
 Connections: accepted: 172.19.0.1::55698
 SConnection: Client needs protocol version 3.8
 SConnection: Client requests security type None(1)
 VNCSConnST:  Server default pixel format depth 24 (32bpp) little-endian rgb888
 ComparingUpdateTracker: 0 pixels in / 0 pixels out
 ComparingUpdateTracker: (1:nan ratio)

Sat Jan 18 18:10:00 2025
 VNCSConnST:  closing 172.19.0.1::55698: Clean disconnection
 EncodeManager: Framebuffer updates: 363
 EncodeManager:   CopyRect:
 EncodeManager:     Copies: 119 rects, 22.7769 Mpixels
 EncodeManager:             1.85938 KiB (1:47851.4 ratio)
 EncodeManager:   Tight:
 EncodeManager:     Solid: 1.498 krects, 4.75871 Mpixels
 EncodeManager:            23.4062 KiB (1:794.927 ratio)
 EncodeManager:     Bitmap RLE: 1.486 krects, 2.53297 Mpixels
 EncodeManager:                 107.478 KiB (1:92.2225 ratio)
 EncodeManager:     Indexed RLE: 2.78 krects, 7.702 Mpixels
 EncodeManager:                  508.755 KiB (1:59.2005 ratio)
 EncodeManager:   Tight (JPEG):
 EncodeManager:     Full Colour: 847 rects, 3.79077 Mpixels
 EncodeManager:                  3.22377 MiB (1:4.48864 ratio)
 EncodeManager:   Total: 6.73 krects, 41.5614 Mpixels
 EncodeManager:          3.85023 MiB (1:41.1978 ratio)
 Connections: closed: 172.19.0.1::55698
 ComparingUpdateTracker: 531.205 Mpixels in / 16.5619 Mpixels out
 ComparingUpdateTracker: (1:32.0738 ratio)
X connection to :1 broken (explicit kill or server shutdown).

Sat Jan 18 18:10:10 2025
 ComparingUpdateTracker: 0 pixels in / 0 pixels out
 ComparingUpdateTracker: (1:nan ratio)
The Xtigervnc server cleanly exited!
The X session exited with status 1!
