(2025-01-18T18:09:27.794269631) (2025-01-18T18:09:27.794415381) [Dbg] [gz.cc:161] Subscribing to [/ga(2025-01-18T18:09:27.795936006) (2025-01-18T18:09:27.796069381) [Msg] Gazebo Sim Quick start dialog
(2025-01-18T18:09:27.821906006) (2025-01-18T18:09:(2025-01-18T18:09:44.905412708) (2025-01-18T18:09:44.906431458) [Msg] Received world [] from the GUI.
(2025-01-18T18:09:44.908651750) (2025-01-18T18:09:44.910214125) [Dbg] [gz.cc:167] Unsubscribing from [/gazebo/starting_world].
18T18:09:44.746649875) [GUI] [Dbg] [Gui.cc:173] Shutting quick setup dialog
(2025-01-18T18:09:44.751881625) (2025-01-18T18:09:44.752156792) [GUI] [Dbg] [Application.cc:140] Terminating application.
(2025-01-18T18:09:44.800618792) (2025-01-18T18:09:44.800785000) [GUI] [Dbg] [Gui.cc:253] Waiting for subscribers to [/gazebo/starting_world]...
(2025-01-18T18:09:44.924896083) (2025-01-18T18:09:44.925190667) [GUI] [Wrn] [Application.cc:797] [QT] QStandardPaths: XDG_RUNTIME_DIR not set, defaulting to '/tmp/runtime-zarquon'
(2025-01-18T18:09:44.926502750) (2025-01-18T18:09:44.930609000) [GUI] [Dbg] [Application.cc:92] Initializing application.
(2025-01-18T18:09:44.937454125) (2025-01-18T18:09:44.937650750) [GUI] [Dbg] [Application.cc:555] Create main window
(2025-01-18T18:09:45.94268792) (2025-01-18T18:09:45.94382833) [GUI] [Wrn] [Application.cc:797] [QT] qrc:/qml/StyleDialog.qml:112:3: QML Connections: Implicitly defined onFoo properties in Connections are deprecated. Use this syntax instead: function onFoo(<arguments>) { ... }
(2025-01-18T18:09:45.94582083) (2025-01-18T18:09:45.94694958) [GUI] [Wrn] [Application.cc:797] [QT] qrc:/qml/StyleDialog.qml:105:3: QML Connections: Implicitly defined onFoo properties in Connections are deprecated. Use this syntax instead: function onFoo(<arguments>) { ... }
(2025-01-18T18:09:45.94908500) (2025-01-18T18:09:45.95029833) [GUI] [Wrn] [Application.cc:797] [QT] qrc:/qml/StyleDialog.qml:98:3: QML Connections: Implicitly defined onFoo properties in Connections are deprecated. Use this syntax instead: function onFoo(<arguments>) { ... }
(2025-01-18T18:09:45.96979625) (2025-01-18T18:09:45.97094292) [GUI] [Wrn] [Application.cc:797] [QT] qrc:qml/Main.qml:102:3: QML Connections: Implicitly defined onFoo properties in Connections are deprecated. Use this syntax instead: function onFoo(<arguments>) { ... }
(2025-01-18T18:09:45.98789583) (2025-01-18T18:09:45.98877792) [GUI] [Wrn] [Application.cc:797] [QT] qrc:/qml/PluginMenu.qml:27:3: QML Connections: Implicitly defined onFoo properties in Connections are deprecated. Use this syntax instead: function onFoo(<arguments>) { ... }
(2025-01-18T18:09:45.103761125) (2025-01-18T18:09:45.104102375) [GUI] [Dbg] [PathManager.cc:66] Requesting resource paths through [/gazebo/resource_paths/get]
(2025-01-18T18:09:45.133370583) (2025-01-18T18:09:45.133473792) [GUI] [Wrn] [Application.cc:797] [QT] file::/Gazebo/GazeboDrawer.qml:242:3: QML Connections: Implicitly defined onFoo properties in Connections are deprecated. Use this syntax instead: function onFoo(<arguments>) { ... }
(2025-01-18T18:09:45.138780125) (2025-01-18T18:09:45.138946708) [GUI] [Dbg] [Gui.cc:333] GUI requesting list of world names. The server may be busy downloading resources. Please be patient.
(2025-01-18T18:09:45.291571292) (2025-01-18T18:09:45.291904292) [GUI] [Dbg] [Gui.cc:391] Requesting GUI from [/world/default/gui/info]...
(2025-01-18T18:09:45.293664333) (2025-01-18T18:09:45.294032208) [GUI] [Dbg] [PathManager.cc:55] Received resource paths.
(2025-01-18T18:09:45.294780250) (2025-01-18T18:09:45.295066500) [GUI] [Dbg] [GuiRunner.cc:145] Requesting initial state from [/world/default/state]...
(2025-01-18T18:09:45.301949250) (2025-01-18T18:09:45.302190000) [GUI] [Msg] Loading config [/home/zarquon/.ignition/gazebo/6/gui.config]
(2025-01-18T18:09:45.302901208) (2025-01-18T18:09:45.303132458) [GUI] [Dbg] [Application.cc:426] Loading plugin [MinimalScene]
(2025-01-18T18:09:45.390414209) (2025-01-18T18:09:45.390523334) [GUI] [Msg] Added plugin [3D View] to main window
(2025-01-18T18:09:45.390887084) (2025-01-18T18:09:45.390977834) [GUI] [Msg] Loaded plugin [MinimalScene] from path [/usr/lib/aarch64-linux-gnu/ign-gui-6/plugins/libMinimalScene.so]
(2025-01-18T18:09:45.391337167) (2025-01-18T18:09:45.391440334) [GUI] [Dbg] [Application.cc:426] Loading plugin [EntityContextMenuPlugin]
(2025-01-18T18:09:45.407238042) (2025-01-18T18:09:45.407332542) [GUI] [Wrn] [Application.cc:797] [QT] file::/EntityContextMenuPlugin/EntityContextMenuPlugin.qml:57:5: QML Connections: Implicitly defined onFoo properties in Connections are deprecated. Use this syntax instead: function onFoo(<arguments>) { ... }
(2025-01-18T18:09:45.407866875) (2025-01-18T18:09:45.408011959) [GUI] [Wrn] [Application.cc:797] [QT] file::/EntityContextMenuPlugin/EntityContextMenuPlugin.qml:52:3: QML RenderWindowOverlay: Detected anchors on an item that is managed by a layout. This is undefined behavior; use Layout.alignment instead.
(2025-01-18T18:09:45.408377709) (2025-01-18T18:09:45.408523500) [GUI] [Wrn] [Application.cc:797] [QT] file::/EntityContextMenuPlugin/EntityContextMenuPlugin.qml:67:3: QML EntityContextMenu: Detected anchors on an item that is managed by a layout. This is undefined behavior; use Layout.alignment instead.
(2025-01-18T18:09:45.422629709) (2025-01-18T18:09:45.422767834) [GUI] [Wrn] [Application.cc:797] [QT] file::/EntityContextMenuPlugin/EntityContextMenuPlugin.qml:52:3: QML RenderWindowOverlay: Detected anchors on an item that is managed by a layout. This is undefined behavior; use Layout.alignment instead.
(2025-01-18T18:09:45.423022375) (2025-01-18T18:09:45.423123167) [GUI] [Wrn] [Application.cc:797] [QT] file::/EntityContextMenuPlugin/EntityContextMenuPlugin.qml:67:3: QML EntityContextMenu: Detected anchors on an item that is managed by a layout. This is undefined behavior; use Layout.alignment instead.
(2025-01-18T18:09:45.423812875) (2025-01-18T18:09:45.423948125) [GUI] [Wrn] [Application.cc:797] [QT] file::/EntityContextMenuPlugin/EntityContextMenuPlugin.qml:52:3: QML RenderWindowOverlay: Detected anchors on an item that is managed by a layout. This is undefined behavior; use Layout.alignment instead.
(2025-01-18T18:09:45.424310584) (2025-01-18T18:09:45.424412042) [GUI] [Wrn] [Application.cc:797] [QT] file::/EntityContextMenuPlugin/EntityContextMenuPlugin.qml:67:3: QML EntityContextMenu: Detected anchors on an item that is managed by a layout. This is undefined behavior; use Layout.alignment instead.
(2025-01-18T18:09:45.425846792) (2025-01-18T18:09:45.425987292) [GUI] [Wrn] [Application.cc:797] [QT] file::/EntityContextMenuPlugin/EntityContextMenuPlugin.qml:52:3: QML RenderWindowOverlay: Detected anchors on an item that is managed by a layout. This is undefined behavior; use Layout.alignment instead.
(2025-01-18T18:09:45.426228834) (2025-01-18T18:09:45.426356667) [GUI] [Wrn] [Application.cc:797] [QT] file::/EntityContextMenuPlugin/EntityContextMenuPlugin.qml:67:3: QML EntityContextMenu: Detected anchors on an item that is managed by a layout. This is undefined behavior; use Layout.alignment instead.
(2025-01-18T18:09:45.427043250) (2025-01-18T18:09:45.427179625) [GUI] [Wrn] [Application.cc:797] [QT] file::/EntityContextMenuPlugin/EntityContextMenuPlugin.qml:52:3: QML RenderWindowOverlay: Detected anchors on an item that is managed by a layout. This is undefined behavior; use Layout.alignment instead.
(2025-01-18T18:09:45.427415834) (2025-01-18T18:09:45.427533000) [GUI] [Wrn] [Application.cc:797] [QT] file::/EntityContextMenuPlugin/EntityContextMenuPlugin.qml:67:3: QML EntityContextMenu: Detected anchors on an item that is managed by a layout. This is undefined behavior; use Layout.alignment instead.
(2025-01-18T18:09:45.427982334) (2025-01-18T18:09:45.428123459) [GUI] [Wrn] [Application.cc:797] [QT] file::/EntityContextMenuPlugin/EntityContextMenuPlugin.qml:52:3: QML RenderWindowOverlay: Detected anchors on an item that is managed by a layout. This is undefined behavior; use Layout.alignment instead.
(2025-01-18T18:09:45.428372667) (2025-01-18T18:09:45.428493625) [GUI] [Wrn] [Application.cc:797] [QT] file::/EntityContextMenuPlugin/EntityContextMenuPlugin.qml:67:3: QML EntityContextMenu: Detected anchors on an item that is managed by a layout. This is undefined behavior; use Layout.alignment instead.
(2025-01-18T18:09:45.430692250) (2025-01-18T18:09:45.430829500) [GUI] [Msg] Added plugin [Entity Context Menu] to main window
(2025-01-18T18:09:45.431252875) (2025-01-18T18:09:45.431384167) [GUI] [Msg] Loaded plugin [EntityContextMenuPlugin] from path [/usr/lib/aarch64-linux-gnu/ign-gazebo-6/plugins/gui/libEntityContextMenuPlugin.so]
(2025-01-18T18:09:45.431821167) (2025-01-18T18:09:45.431921084) [GUI] [Dbg] [Application.cc:426] Loading plugin [GzSceneManager]
(2025-01-18T18:09:45.466939875) (2025-01-18T18:09:45.467092167) [GUI] [Msg] Added plugin [Scene Manager] to main window
(2025-01-18T18:09:45.467570917) (2025-01-18T18:09:45.467712709) [GUI] [Msg] Loaded plugin [GzSceneManager] from path [/usr/lib/aarch64-linux-gnu/ign-gazebo-6/plugins/gui/libGzSceneManager.so]
(2025-01-18T18:09:45.468288500) (2025-01-18T18:09:45.468435334) [GUI] [Dbg] [Application.cc:426] Loading plugin [InteractiveViewControl]
(2025-01-18T18:09:45.475665542) (2025-01-18T18:09:45.475919750) [GUI] [Msg] Camera view controller topic advertised on [/gui/camera/view_control]
(2025-01-18T18:09:45.476719167) (2025-01-18T18:09:45.476897959) [GUI] [Msg] Camera reference visual topic advertised on [/gui/camera/view_control/reference_visual]
(2025-01-18T18:09:45.477754209) (2025-01-18T18:09:45.478063084) [GUI] [Msg] Camera view control sensitivity advertised on [/gui/camera/view_control/sensitivity]
(2025-01-18T18:09:45.515677792) (2025-01-18T18:09:45.517321792) [GUI] [Msg] Added plugin [Interactive view control] to main window
(2025-01-18T18:09:45.519097834) (2025-01-18T18:09:45.519247125) [GUI] [Msg] Loaded plugin [InteractiveViewControl] from path [/usr/lib/aarch64-linux-gnu/ign-gui-6/plugins/libInteractiveViewControl.so]
(2025-01-18T18:09:45.519908834) (2025-01-18T18:09:45.520096334) [GUI] [Dbg] [Application.cc:426] Loading plugin [CameraTracking]
(2025-01-18T18:09:45.542816459) (2025-01-18T18:09:45.542960000) [GUI] [Msg] Added plugin [Camera tracking] to main window
(2025-01-18T18:09:45.543375834) (2025-01-18T18:09:45.543506000) [GUI] [Msg] Loaded plugin [CameraTracking] from path [/usr/lib/aarch64-linux-gnu/ign-gui-6/plugins/libCameraTracking.so]
(2025-01-18T18:09:45.543963625) (2025-01-18T18:09:45.544080167) [GUI] [Dbg] [Application.cc:426] Loading plugin [MarkerManager]
(2025-01-18T18:09:45.548984459) (2025-01-18T18:09:45.549133709) [GUI] [Msg] Listening to stats on [/world/default/stats]
(2025-01-18T18:09:45.560204250) (2025-01-18T18:09:45.560409959) [GUI] [Msg] Added plugin [Marker Manager] to main window
(2025-01-18T18:09:45.560979417) (2025-01-18T18:09:45.561145792) [GUI] [Msg] Loaded plugin [MarkerManager] from path [/usr/lib/aarch64-linux-gnu/ign-gui-6/plugins/libMarkerManager.so]
(2025-01-18T18:09:45.561798625) (2025-01-18T18:09:45.561984584) [GUI] [Dbg] [Application.cc:426] Loading plugin [SelectEntities]
(2025-01-18T18:09:45.575736125) (2025-01-18T18:09:45.575894000) [GUI] [Msg] Added plugin [Select entities] to main window
(2025-01-18T18:09:45.576404875) (2025-01-18T18:09:45.576661250) [GUI] [Msg] Loaded plugin [SelectEntities] from path [/usr/lib/aarch64-linux-gnu/ign-gazebo-6/plugins/gui/libSelectEntities.so]
(2025-01-18T18:09:45.577357167) (2025-01-18T18:09:45.577542792) [GUI] [Dbg] [Application.cc:426] Loading plugin [Spawn]
(2025-01-18T18:09:45.582878625) (2025-01-18T18:09:45.583069750) [GUI] [Wrn] [Application.cc:797] [QT] file::/Spawn/Spawn.qml:32:3: QML Connections: Implicitly defined onFoo properties in Connections are deprecated. Use this syntax instead: function onFoo(<arguments>) { ... }
(2025-01-18T18:09:45.597219375) (2025-01-18T18:09:45.597394750) [GUI] [Msg] Added plugin [Spawn] to main window
(2025-01-18T18:09:45.597787584) (2025-01-18T18:09:45.597917375) [GUI] [Msg] Loaded plugin [Spawn] from path [/usr/lib/aarch64-linux-gnu/ign-gazebo-6/plugins/gui/libSpawn.so]
(2025-01-18T18:09:45.598484584) (2025-01-18T18:09:45.598650709) [GUI] [Dbg] [Application.cc:426] Loading plugin [VisualizationCapabilities]
(2025-01-18T18:09:45.604438292) (2025-01-18T18:09:45.604580917) [GUI] [Msg] View as transparent service on [/gui/view/transparent]
(2025-01-18T18:09:45.605041250) (2025-01-18T18:09:45.605168417) [GUI] [Msg] View as wireframes service on [/gui/view/wireframes]
(2025-01-18T18:09:45.605602042) (2025-01-18T18:09:45.605729000) [GUI] [Msg] View center of mass service on [/gui/view/com]
(2025-01-18T18:09:45.606148542) (2025-01-18T18:09:45.606286042) [GUI] [Msg] View inertia service on [/gui/view/inertia]
(2025-01-18T18:09:45.606722375) (2025-01-18T18:09:45.606855709) [GUI] [Msg] View collisions service on [/gui/view/collisions]
(2025-01-18T18:09:45.607311292) (2025-01-18T18:09:45.607445334) [GUI] [Msg] View joints service on [/gui/view/joints]
(2025-01-18T18:09:45.607836709) (2025-01-18T18:09:45.607993875) [GUI] [Msg] View frames service on [/gui/view/frames]
(2025-01-18T18:09:45.620234250) (2025-01-18T18:09:45.620392417) [GUI] [Msg] Added plugin [Visualization capabilities] to main window
(2025-01-18T18:09:45.620835542) (2025-01-18T18:09:45.620985459) [GUI] [Msg] Loaded plugin [VisualizationCapabilities] from path [/usr/lib/aarch64-linux-gnu/ign-gazebo-6/plugins/gui/libVisualizationCapabilities.so]
(2025-01-18T18:09:45.621509417) (2025-01-18T18:09:45.621641792) [GUI] [Dbg] [Application.cc:426] Loading plugin [WorldControl]
(2025-01-18T18:09:45.635444959) (2025-01-18T18:09:45.635636209) [GUI] [Wrn] [Application.cc:797] [QT] file::/WorldControl/WorldControl.qml:30:3: QML Connections: Implicitly defined onFoo properties in Connections are deprecated. Use this syntax instead: function onFoo(<arguments>) { ... }
(2025-01-18T18:09:45.636077500) (2025-01-18T18:09:45.636215750) [GUI] [Msg] Using world control service [/world/default/control]
(2025-01-18T18:09:45.636856000) (2025-01-18T18:09:45.637013125) [GUI] [Msg] Listening to stats on [/world/default/stats]
(2025-01-18T18:09:45.637412584) (2025-01-18T18:09:45.637541792) [GUI] [Dbg] [WorldControl.cc:246] Using an event to share WorldControl msgs with the server
(2025-01-18T18:09:45.648691459) (2025-01-18T18:09:45.648841459) [GUI] [Msg] Added plugin [World control] to main window
(2025-01-18T18:09:45.649290250) (2025-01-18T18:09:45.649418750) [GUI] [Msg] Loaded plugin [WorldControl] from path [/usr/lib/aarch64-linux-gnu/ign-gui-6/plugins/libWorldControl.so]
(2025-01-18T18:09:45.649828250) (2025-01-18T18:09:45.649928417) [GUI] [Dbg] [Application.cc:426] Loading plugin [WorldStats]
(2025-01-18T18:09:45.659221709) (2025-01-18T18:09:45.659368834) [GUI] [Msg] Listening to stats on [/world/default/stats]
(2025-01-18T18:09:45.680306834) (2025-01-18T18:09:45.680464792) [GUI] [Msg] Added plugin [World stats] to main window
(2025-01-18T18:09:45.680888042) (2025-01-18T18:09:45.681025792) [GUI] [Msg] Loaded plugin [WorldStats] from path [/usr/lib/aarch64-linux-gnu/ign-gui-6/plugins/libWorldStats.so]
(2025-01-18T18:09:45.681466209) (2025-01-18T18:09:45.681604250) [GUI] [Dbg] [Application.cc:426] Loading plugin [Shapes]
(2025-01-18T18:09:45.700324500) (2025-01-18T18:09:45.700474792) [GUI] [Msg] Added plugin [Shapes] to main window
(2025-01-18T18:09:45.700903792) (2025-01-18T18:09:45.701064334) [GUI] [Msg] Loaded plugin [Shapes] from path [/usr/lib/aarch64-linux-gnu/ign-gazebo-6/plugins/gui/libShapes.so]
(2025-01-18T18:09:45.701498584) (2025-01-18T18:09:45.701602417) [GUI] [Dbg] [Application.cc:426] Loading plugin [Lights]
(2025-01-18T18:09:45.724899250) (2025-01-18T18:09:45.725061959) [GUI] [Msg] Added plugin [Lights] to main window
(2025-01-18T18:09:45.725545917) (2025-01-18T18:09:45.725685375) [GUI] [Msg] Loaded plugin [Lights] from path [/usr/lib/aarch64-linux-gnu/ign-gazebo-6/plugins/gui/libLights.so]
(2025-01-18T18:09:45.726225292) (2025-01-18T18:09:45.726385417) [GUI] [Dbg] [Application.cc:426] Loading plugin [TransformControl]
(2025-01-18T18:09:45.764478667) (2025-01-18T18:09:45.764645375) [GUI] [Wrn] [Application.cc:797] [QT] file::/TransformControl/TransformControl.qml:104:3: QML Connections: Implicitly defined onFoo properties in Connections are deprecated. Use this syntax instead: function onFoo(<arguments>) { ... }
(2025-01-18T18:09:45.765029292) (2025-01-18T18:09:45.765175292) [GUI] [Wrn] [Application.cc:797] [QT] file::/TransformControl/TransformControl.qml:99:3: QML Connections: Implicitly defined onFoo properties in Connections are deprecated. Use this syntax instead: function onFoo(<arguments>) { ... }
(2025-01-18T18:09:45.765438000) (2025-01-18T18:09:45.765565417) [GUI] [Wrn] [Application.cc:797] [QT] file::/TransformControl/TransformControl.qml:94:3: QML Connections: Implicitly defined onFoo properties in Connections are deprecated. Use this syntax instead: function onFoo(<arguments>) { ... }
(2025-01-18T18:09:45.765835084) (2025-01-18T18:09:45.765965584) [GUI] [Wrn] [Application.cc:797] [QT] file::/TransformControl/TransformControl.qml:89:3: QML Connections: Implicitly defined onFoo properties in Connections are deprecated. Use this syntax instead: function onFoo(<arguments>) { ... }
(2025-01-18T18:09:45.766614667) (2025-01-18T18:09:45.766724500) [GUI] [Dbg] [TransformControl.cc:222] Legacy mode is disabled; this plugin must be used with MinimalScene.
(2025-01-18T18:09:45.799343084) (2025-01-18T18:09:45.799502417) [GUI] [Msg] Added plugin [Transform control] to main window
(2025-01-18T18:09:45.799907584) (2025-01-18T18:09:45.800063584) [GUI] [Msg] Loaded plugin [TransformControl] from path [/usr/lib/aarch64-linux-gnu/ign-gazebo-6/plugins/gui/libTransformControl.so]
(2025-01-18T18:09:45.800542167) (2025-01-18T18:09:45.800660959) [GUI] [Dbg] [Application.cc:426] Loading plugin [Screenshot]
(2025-01-18T18:09:45.813340834) (2025-01-18T18:09:45.813491000) [GUI] [Msg] Screenshot service on [/gui/screenshot]
(2025-01-18T18:09:45.826022250) (2025-01-18T18:09:45.826193042) [GUI] [Msg] Added plugin [Screenshot] to main window
(2025-01-18T18:09:45.826619875) (2025-01-18T18:09:45.826723750) [GUI] [Msg] Loaded plugin [Screenshot] from path [/usr/lib/aarch64-linux-gnu/ign-gui-6/plugins/libScreenshot.so]
(2025-01-18T18:09:45.827269292) (2025-01-18T18:09:45.827397625) [GUI] [Dbg] [Application.cc:426] Loading plugin [CopyPaste]
(2025-01-18T18:09:45.843989875) (2025-01-18T18:09:45.844146500) [GUI] [Msg] Added plugin [Copy/Paste] to main window
(2025-01-18T18:09:45.844574875) (2025-01-18T18:09:45.844717459) [GUI] [Msg] Loaded plugin [CopyPaste] from path [/usr/lib/aarch64-linux-gnu/ign-gazebo-6/plugins/gui/libCopyPaste.so]
(2025-01-18T18:09:45.845251750) (2025-01-18T18:09:45.845388917) [GUI] [Dbg] [Application.cc:426] Loading plugin [ComponentInspector]
(2025-01-18T18:09:45.967505584) (2025-01-18T18:09:45.967665292) [GUI] [Msg] Added plugin [Component inspector] to main window
(2025-01-18T18:09:45.968108500) (2025-01-18T18:09:45.968240625) [GUI] [Msg] Loaded plugin [ComponentInspector] from path [/usr/lib/aarch64-linux-gnu/ign-gazebo-6/plugins/gui/libComponentInspector.so]
(2025-01-18T18:09:45.968664042) (2025-01-18T18:09:45.968767834) [GUI] [Dbg] [Application.cc:426] Loading plugin [EntityTree]
(2025-01-18T18:09:45.995974417) (2025-01-18T18:09:45.996203917) [GUI] [Wrn] [Application.cc:797] [QT] file::/EntityTree/EntityTree.qml:148:7: QML ToolButton: Detected anchors on an item that is managed by a layout. This is undefined behavior; use Layout.alignment instead.
(2025-01-18T18:09:46.3879084) (2025-01-18T18:09:46.4119709) [GUI] [Msg] Added plugin [Entity tree] to main window
(2025-01-18T18:09:46.4554584) (2025-01-18T18:09:46.4690500) [GUI] [Msg] Loaded plugin [EntityTree] from path [/usr/lib/aarch64-linux-gnu/ign-gazebo-6/plugins/gui/libEntityTree.so]
(2025-01-18T18:09:46.5202167) (2025-01-18T18:09:46.5342250) [GUI] [Dbg] [Application.cc:296] Loading window config
(2025-01-18T18:09:46.5646792) (2025-01-18T18:09:46.5747292) [GUI] [Msg] Using server control service [/server_control]
(2025-01-18T18:09:46.6075584) (2025-01-18T18:09:46.6176250) [GUI] [Dbg] [Application.cc:569] Applying config
(2025-01-18T18:09:46.10590542) (2025-01-18T18:09:46.10730334) [GUI] [Wrn] [Component.hh:189] Trying to deserialize component with data type [N3sdf3v125WorldE], which doesn't have `operator>>`. Component will not be deserialized.
(2025-01-18T18:09:46.50034667) (2025-01-18T18:09:46.50269001) [GUI] [Wrn] [Application.cc:797] [QT] file::/WorldStats/WorldStats.qml:53:3: QML RowLayout: Binding loop detected for property "x"
(2025-01-18T18:09:46.51942542) (2025-01-18T18:09:46.52096251) [GUI] [Wrn] [Application.cc:797] [QT] file::/EntityContextMenuPlugin/EntityContextMenuPlugin.qml:52:3: QML RenderWindowOverlay: Detected anchors on an item that is managed by a layout. This is undefined behavior; use Layout.alignment instead.
(2025-01-18T18:09:46.52397251) (2025-01-18T18:09:46.52524376) [GUI] [Wrn] [Application.cc:797] [QT] file::/EntityContextMenuPlugin/EntityContextMenuPlugin.qml:67:3: QML EntityContextMenu: Detected anchors on an item that is managed by a layout. This is undefined behavior; use Layout.alignment instead.
(2025-01-18T18:09:46.595255917) (2025-01-18T18:09:46.595415001) [GUI] [Msg] Loading plugin [ignition-rendering-ogre2]
(2025-01-18T18:09:47.247870001) (2025-01-18T18:09:47.248043626) [GUI] [Dbg] [MinimalScene.cc:602] Create scene [scene]
(2025-01-18T18:09:47.739936501) (2025-01-18T18:09:47.740137543) [GUI] [Wrn] [Ogre2RenderTarget.cc:574] Anti-aliasing level of '8' is not supported; valid FSAA levels are: [ 0 4 ]. Setting to 0
(2025-01-18T18:09:47.974474626) (2025-01-18T18:09:47.974900626) [GUI] [Msg] Loading plugin [ignition-rendering-ogre2]
(2025-01-18T18:09:47.976931543) (2025-01-18T18:09:47.977110918) [GUI] [Dbg] [TransformControl.cc:531] TransformControl plugin is using camera [scene::Camera(65527)]
(2025-01-18T18:09:47.977620585) (2025-01-18T18:09:47.977738376) [GUI] [Msg] Loading plugin [ignition-rendering-ogre2]
(2025-01-18T18:09:47.978332710) (2025-01-18T18:09:47.978436501) [GUI] [Msg] Loading plugin [ignition-rendering-ogre2]
(2025-01-18T18:09:47.979009793) (2025-01-18T18:09:47.979187126) [GUI] [Dbg] [Spawn.cc:289] Spawn plugin is using camera [scene::Camera(65527)]
(2025-01-18T18:09:47.979572335) (2025-01-18T18:09:47.979672335) [GUI] [Msg] Loading plugin [ignition-rendering-ogre2]
(2025-01-18T18:09:47.980164793) (2025-01-18T18:09:47.980297793) [GUI] [Dbg] [SelectEntities.cc:451] SelectEntities plugin is using camera [scene::Camera(65527)]
(2025-01-18T18:09:47.980719210) (2025-01-18T18:09:47.980857876) [GUI] [Msg] Loading plugin [ignition-rendering-ogre2]
(2025-01-18T18:09:47.981961626) (2025-01-18T18:09:47.982109793) [GUI] [Dbg] [MarkerManager.cc:173] Advertise /marker/list service.
(2025-01-18T18:09:47.982566210) (2025-01-18T18:09:47.982695501) [GUI] [Dbg] [MarkerManager.cc:183] Advertise /marker/list.
(2025-01-18T18:09:47.983021668) (2025-01-18T18:09:47.983155043) [GUI] [Dbg] [MarkerManager.cc:193] Advertise /marker_array.
(2025-01-18T18:09:47.983422168) (2025-01-18T18:09:47.983542835) [GUI] [Msg] Loading plugin [ignition-rendering-ogre2]
(2025-01-18T18:09:47.984288626) (2025-01-18T18:09:47.984452418) [GUI] [Dbg] [CameraTracking.cc:181] CameraTrackingPrivate plugin is moving camera [scene::Camera(65527)]
(2025-01-18T18:09:47.985008168) (2025-01-18T18:09:47.985209876) [GUI] [Msg] Move to service on [/gui/move_to]
(2025-01-18T18:09:47.985686918) (2025-01-18T18:09:47.985820501) [GUI] [Msg] Follow service on [/gui/follow]
(2025-01-18T18:09:47.986336210) (2025-01-18T18:09:47.986470835) [GUI] [Msg] Move to pose service on [/gui/move_to/pose]
(2025-01-18T18:09:47.986962210) (2025-01-18T18:09:47.987091168) [GUI] [Msg] Camera pose topic advertised on [/gui/camera/pose]
(2025-01-18T18:09:47.987506918) (2025-01-18T18:09:47.987625501) [GUI] [Msg] Follow offset service on [/gui/follow/offset]
(2025-01-18T18:09:47.988011085) (2025-01-18T18:09:47.988110876) [GUI] [Msg] Loading plugin [ignition-rendering-ogre2]
(2025-01-18T18:09:47.988573126) (2025-01-18T18:09:47.988672251) [GUI] [Dbg] [InteractiveViewControl.cc:174] InteractiveViewControl plugin is moving camera [scene::Camera(65527)]
(2025-01-18T18:09:47.989002210) (2025-01-18T18:09:47.989146585) [GUI] [Msg] Loading plugin [ignition-rendering-ogre2]
(2025-01-18T18:09:47.990205043) (2025-01-18T18:09:47.990384835) [GUI] [Msg] Loading plugin [ignition-rendering-ogre2]
(2025-01-18T18:09:47.991141793) (2025-01-18T18:09:47.991309293) [GUI] [Dbg] [EntityContextMenuPlugin.cc:79] Entity context menu plugin is using camera [scene::Camera(65527)]
(2025-01-18T18:10:07.773205678) (2025-01-18T18:10:07.773546886) [GUI] [Dbg] [SignalHandler.cc:141] Received signal[2].
(2025-01-18T18:10:07.776079844) (2025-01-18T18:10:07.776295636) [GUI] [Dbg] [Gui.cc:472] Shutting down ign-gazebo-gui
(2025-01-18T18:10:07.778744928) (2025-01-18T18:10:07.781407803) [GUI] [Dbg] [Application.cc:140] Terminating application.
(2025-01-18T18:10:07.805007386) (2025-01-18T18:10:07.805211803) [GUI] [Msg] Loading plugin [ignition-rendering-ogre2]
(2025-01-18T18:10:07.810706511) (2025-01-18T18:10:07.810905219) [GUI] [Dbg] [MinimalScene.cc:657] Destroy scene [scene]
(2025-01-18T18:10:07.851966678) (2025-01-18T18:10:07.852091719) [GUI] [Wrn] [Application.cc:797] [QT] qrc:qml/Main.qml:52: TypeError: Cannot read property 'dialogOnExitText' of null
(2025-01-18T18:10:07.852337303) (2025-01-18T18:10:07.852425511) [GUI] [Wrn] [Application.cc:797] [QT] qrc:qml/Main.qml:54: TypeError: Cannot read property 'exitDialogShowCloseGui' of null
(2025-01-18T18:10:07.852636844) (2025-01-18T18:10:07.852723844) [GUI] [Wrn] [Application.cc:797] [QT] qrc:qml/Main.qml:53: TypeError: Cannot read property 'exitDialogShowShutdown' of null
(2025-01-18T18:10:07.852999969) (2025-01-18T18:10:07.853098094) [GUI] [Wrn] [Application.cc:797] [QT] qrc:qml/Main.qml:251: TypeError: Cannot read property 'showDrawer' of null
(2025-01-18T18:10:07.853299094) (2025-01-18T18:10:07.853380094) [GUI] [Wrn] [Application.cc:797] [QT] qrc:/qml/SideDrawer.qml:93: TypeError: Cannot read property 'showDefaultDrawerOpts' of null
(2025-01-18T18:10:07.853557344) (2025-01-18T18:10:07.853640261) [GUI] [Wrn] [Application.cc:797] [QT] qrc:/qml/IgnSplit.qml:56: TypeError: Cannot read property 'pluginCount' of null
(2025-01-18T18:10:07.853846553) (2025-01-18T18:10:07.853932053) [GUI] [Wrn] [Application.cc:797] [QT] qrc:qml/Main.qml:41: TypeError: Cannot read property 'toolBarColorLight' of null
(2025-01-18T18:10:07.854275261) (2025-01-18T18:10:07.854444219) [GUI] [Wrn] [Application.cc:797] [QT] qrc:qml/Main.qml:42: TypeError: Cannot read property 'toolBarTextColorLight' of null
(2025-01-18T18:10:07.854822594) (2025-01-18T18:10:07.855000053) [GUI] [Wrn] [Application.cc:797] [QT] qrc:qml/Main.qml:43: TypeError: Cannot read property 'toolBarColorDark' of null
(2025-01-18T18:10:07.855427844) (2025-01-18T18:10:07.855605761) [GUI] [Wrn] [Application.cc:797] [QT] qrc:qml/Main.qml:44: TypeError: Cannot read property 'toolBarTextColorDark' of null
(2025-01-18T18:10:07.855992011) (2025-01-18T18:10:07.856188136) [GUI] [Wrn] [Application.cc:797] [QT] qrc:qml/Main.qml:45: TypeError: Cannot read property 'pluginToolBarColorLight' of null
(2025-01-18T18:10:07.856544511) (2025-01-18T18:10:07.856721844) [GUI] [Wrn] [Application.cc:797] [QT] qrc:qml/Main.qml:46: TypeError: Cannot read property 'pluginToolBarTextColorLight' of null
(2025-01-18T18:10:07.857132178) (2025-01-18T18:10:07.857309844) [GUI] [Wrn] [Application.cc:797] [QT] qrc:qml/Main.qml:47: TypeError: Cannot read property 'pluginToolBarColorDark' of null
(2025-01-18T18:10:07.857670219) (2025-01-18T18:10:07.857841886) [GUI] [Wrn] [Application.cc:797] [QT] qrc:qml/Main.qml:48: TypeError: Cannot read property 'pluginToolBarTextColorDark' of null
(2025-01-18T18:10:07.858234094) (2025-01-18T18:10:07.858408053) [GUI] [Wrn] [Application.cc:797] [QT] qrc:qml/Main.qml:50: TypeError: Cannot read property 'defaultExitAction' of null
(2025-01-18T18:10:07.858787303) (2025-01-18T18:10:07.858960844) [GUI] [Wrn] [Application.cc:797] [QT] qrc:qml/Main.qml:51: TypeError: Cannot read property 'showDialogOnExit' of null
(2025-01-18T18:10:07.859321803) (2025-01-18T18:10:07.859493719) [GUI] [Wrn] [Application.cc:797] [QT] qrc:qml/Main.qml:55: TypeError: Cannot read property 'exitDialogShutdownText' of null
(2025-01-18T18:10:07.859864469) (2025-01-18T18:10:07.860062928) [GUI] [Wrn] [Application.cc:797] [QT] qrc:qml/Main.qml:56: TypeError: Cannot read property 'exitDialogCloseGuiText' of null
(2025-01-18T18:10:07.860512844) (2025-01-18T18:10:07.860684844) [GUI] [Wrn] [Application.cc:797] [QT] qrc:qml/Main.qml:66: TypeError: Cannot read property 'toolBarColorLight' of null
(2025-01-18T18:10:07.861081761) (2025-01-18T18:10:07.861256386) [GUI] [Wrn] [Application.cc:797] [QT] qrc:qml/Main.qml:76: TypeError: Cannot read property 'toolBarTextColorLight' of null
(2025-01-18T18:10:07.861676594) (2025-01-18T18:10:07.861844844) [GUI] [Wrn] [Application.cc:797] [QT] qrc:qml/Main.qml:219: TypeError: Cannot read property 'showPluginMenu' of null
(2025-01-18T18:10:07.862225761) (2025-01-18T18:10:07.862391928) [GUI] [Wrn] [Application.cc:797] [QT] qrc:qml/Main.qml:202: TypeError: Cannot read property 'showDrawer' of null
(2025-01-18T18:10:07.862752261) (2025-01-18T18:10:07.862918636) [GUI] [Wrn] [Application.cc:797] [QT] qrc:qml/Main.qml:188: TypeError: Cannot read property 'showDrawer' of null
(2025-01-18T18:10:07.863354053) (2025-01-18T18:10:07.863524219) [GUI] [Wrn] [Application.cc:797] [QT] file::qml/IgnCard.qml:128: TypeError: Cannot read property 'pluginToolBarColorLight' of null
(2025-01-18T18:10:07.863889886) (2025-01-18T18:10:07.864110178) [GUI] [Wrn] [Application.cc:797] [QT] file::qml/IgnCard.qml:139: TypeError: Cannot read property 'pluginToolBarTextColorLight' of null
(2025-01-18T18:10:07.864483428) (2025-01-18T18:10:07.864643303) [GUI] [Wrn] [Application.cc:797] [QT] file::qml/IgnCard.qml:128: TypeError: Cannot read property 'pluginToolBarColorLight' of null
(2025-01-18T18:10:07.865026969) (2025-01-18T18:10:07.865207011) [GUI] [Wrn] [Application.cc:797] [QT] file::qml/IgnCard.qml:139: TypeError: Cannot read property 'pluginToolBarTextColorLight' of null
(2025-01-18T18:10:07.865568678) (2025-01-18T18:10:07.865734553) [GUI] [Wrn] [Application.cc:797] [QT] file::qml/IgnCard.qml:128: TypeError: Cannot read property 'pluginToolBarColorLight' of null
(2025-01-18T18:10:07.866101928) (2025-01-18T18:10:07.866280428) [GUI] [Wrn] [Application.cc:797] [QT] file::qml/IgnCard.qml:139: TypeError: Cannot read property 'pluginToolBarTextColorLight' of null
(2025-01-18T18:10:07.866659719) (2025-01-18T18:10:07.866838136) [GUI] [Wrn] [Application.cc:797] [QT] file::qml/IgnCard.qml:128: TypeError: Cannot read property 'pluginToolBarColorLight' of null
(2025-01-18T18:10:07.867234469) (2025-01-18T18:10:07.867407053) [GUI] [Wrn] [Application.cc:797] [QT] file::qml/IgnCard.qml:139: TypeError: Cannot read property 'pluginToolBarTextColorLight' of null
(2025-01-18T18:10:07.867770136) (2025-01-18T18:10:07.867943428) [GUI] [Wrn] [Application.cc:797] [QT] file::qml/IgnCard.qml:128: TypeError: Cannot read property 'pluginToolBarColorLight' of null
(2025-01-18T18:10:07.868302594) (2025-01-18T18:10:07.868470594) [GUI] [Wrn] [Application.cc:797] [QT] file::qml/IgnCard.qml:139: TypeError: Cannot read property 'pluginToolBarTextColorLight' of null
(2025-01-18T18:10:07.868834594) (2025-01-18T18:10:07.869010636) [GUI] [Wrn] [Application.cc:797] [QT] file::qml/IgnCard.qml:128: TypeError: Cannot read property 'pluginToolBarColorLight' of null
(2025-01-18T18:10:07.869374969) (2025-01-18T18:10:07.869547178) [GUI] [Wrn] [Application.cc:797] [QT] file::qml/IgnCard.qml:139: TypeError: Cannot read property 'pluginToolBarTextColorLight' of null
(2025-01-18T18:10:07.869920678) (2025-01-18T18:10:07.870109386) [GUI] [Wrn] [Application.cc:797] [QT] file::qml/IgnCard.qml:128: TypeError: Cannot read property 'pluginToolBarColorLight' of null
(2025-01-18T18:10:07.870469011) (2025-01-18T18:10:07.870639844) [GUI] [Wrn] [Application.cc:797] [QT] file::qml/IgnCard.qml:139: TypeError: Cannot read property 'pluginToolBarTextColorLight' of null
(2025-01-18T18:10:07.870995178) (2025-01-18T18:10:07.871194178) [GUI] [Wrn] [Application.cc:797] [QT] file::qml/IgnCard.qml:128: TypeError: Cannot read property 'pluginToolBarColorLight' of null
(2025-01-18T18:10:07.871563636) (2025-01-18T18:10:07.871738678) [GUI] [Wrn] [Application.cc:797] [QT] file::qml/IgnCard.qml:139: TypeError: Cannot read property 'pluginToolBarTextColorLight' of null
(2025-01-18T18:10:07.872097719) (2025-01-18T18:10:07.872327886) [GUI] [Wrn] [Application.cc:797] [QT] file::qml/IgnCard.qml:128: TypeError: Cannot read property 'pluginToolBarColorLight' of null
(2025-01-18T18:10:07.872690219) (2025-01-18T18:10:07.872856386) [GUI] [Wrn] [Application.cc:797] [QT] file::qml/IgnCard.qml:139: TypeError: Cannot read property 'pluginToolBarTextColorLight' of null
(2025-01-18T18:10:07.873224803) (2025-01-18T18:10:07.873397386) [GUI] [Wrn] [Application.cc:797] [QT] file::qml/IgnCard.qml:128: TypeError: Cannot read property 'pluginToolBarColorLight' of null
(2025-01-18T18:10:07.873739803) (2025-01-18T18:10:07.873870886) [GUI] [Wrn] [Application.cc:797] [QT] file::qml/IgnCard.qml:139: TypeError: Cannot read property 'pluginToolBarTextColorLight' of null
(2025-01-18T18:10:07.874178219) (2025-01-18T18:10:07.874311344) [GUI] [Wrn] [Application.cc:797] [QT] file::qml/IgnCard.qml:128: TypeError: Cannot read property 'pluginToolBarColorLight' of null
(2025-01-18T18:10:07.874596553) (2025-01-18T18:10:07.874714719) [GUI] [Wrn] [Application.cc:797] [QT] file::qml/IgnCard.qml:139: TypeError: Cannot read property 'pluginToolBarTextColorLight' of null
(2025-01-18T18:10:07.875003094) (2025-01-18T18:10:07.875129844) [GUI] [Wrn] [Application.cc:797] [QT] file::qml/IgnCard.qml:128: TypeError: Cannot read property 'pluginToolBarColorLight' of null
(2025-01-18T18:10:07.875400594) (2025-01-18T18:10:07.875523136) [GUI] [Wrn] [Application.cc:797] [QT] file::qml/IgnCard.qml:139: TypeError: Cannot read property 'pluginToolBarTextColorLight' of null
(2025-01-18T18:10:07.875781469) (2025-01-18T18:10:07.875907011) [GUI] [Wrn] [Application.cc:797] [QT] file::qml/IgnCard.qml:128: TypeError: Cannot read property 'pluginToolBarColorLight' of null
(2025-01-18T18:10:07.876192386) (2025-01-18T18:10:07.876299178) [GUI] [Wrn] [Application.cc:797] [QT] file::qml/IgnCard.qml:139: TypeError: Cannot read property 'pluginToolBarTextColorLight' of null
(2025-01-18T18:10:07.876508594) (2025-01-18T18:10:07.876608011) [GUI] [Wrn] [Application.cc:797] [QT] file::qml/IgnCard.qml:128: TypeError: Cannot read property 'pluginToolBarColorLight' of null
(2025-01-18T18:10:07.876825303) (2025-01-18T18:10:07.876924469) [GUI] [Wrn] [Application.cc:797] [QT] file::qml/IgnCard.qml:139: TypeError: Cannot read property 'pluginToolBarTextColorLight' of null
(2025-01-18T18:10:07.877209594) (2025-01-18T18:10:07.877309094) [GUI] [Wrn] [Application.cc:797] [QT] file::qml/IgnCard.qml:128: TypeError: Cannot read property 'pluginToolBarColorLight' of null
(2025-01-18T18:10:07.877515886) (2025-01-18T18:10:07.877671469) [GUI] [Wrn] [Application.cc:797] [QT] file::qml/IgnCard.qml:139: TypeError: Cannot read property 'pluginToolBarTextColorLight' of null
(2025-01-18T18:10:07.878058719) (2025-01-18T18:10:07.878238511) [GUI] [Wrn] [Application.cc:797] [QT] file::qml/IgnCard.qml:128: TypeError: Cannot read property 'pluginToolBarColorLight' of null
(2025-01-18T18:10:07.878612261) (2025-01-18T18:10:07.878774261) [GUI] [Wrn] [Application.cc:797] [QT] file::qml/IgnCard.qml:139: TypeError: Cannot read property 'pluginToolBarTextColorLight' of null
(2025-01-18T18:10:07.879141011) (2025-01-18T18:10:07.879309053) [GUI] [Wrn] [Application.cc:797] [QT] file::qml/IgnCard.qml:128: TypeError: Cannot read property 'pluginToolBarColorLight' of null
(2025-01-18T18:10:07.879677178) (2025-01-18T18:10:07.879857136) [GUI] [Wrn] [Application.cc:797] [QT] file::qml/IgnCard.qml:139: TypeError: Cannot read property 'pluginToolBarTextColorLight' of null
(2025-01-18T18:10:07.880267761) (2025-01-18T18:10:07.880444886) [GUI] [Wrn] [Application.cc:797] [QT] file::qml/IgnCard.qml:128: TypeError: Cannot read property 'pluginToolBarColorLight' of null
(2025-01-18T18:10:07.880798469) (2025-01-18T18:10:07.880966844) [GUI] [Wrn] [Application.cc:797] [QT] file::qml/IgnCard.qml:139: TypeError: Cannot read property 'pluginToolBarTextColorLight' of null
