(2025-01-18T18:09:44.917222542) (2025-01-18T18:09:44.917527625) [Msg] Ignition Gazebo Server v6.16.0
(2025-01-18T18:09:44.923405708) (2025-01-18T18:09:44.923743833) [Msg] Loading default world.
(2025-01-18T18:09:45.24766750) (2025-01-18T18:09:45.24923083) [Msg] Serving entity system service on [/entity/system/add]
(2025-01-18T18:09:45.25914125) (2025-01-18T18:09:45.26003792) [Msg] Loaded level [3]
(2025-01-18T18:09:45.26312125) (2025-01-18T18:09:45.26413458) [Msg] No systems loaded from SDF, loading defaults
(2025-01-18T18:09:45.28006208) (2025-01-18T18:09:45.28138583) [Msg] Copied installed config [/usr/share/ignition/ignition-gazebo6/server.config] to default config [/home/zarquon/.ignition/gazebo/6/server.config].
(2025-01-18T18:09:45.29007125) (2025-01-18T18:09:45.29108625) [Dbg] [ServerConfig.cc:1043] Loaded (3) plugins from file [/home/zarquon/.ignition/gazebo/6/server.config]
(2025-01-18T18:09:45.161708208) (2025-01-18T18:09:45.161860375) [Dbg] [Physics.cc:804] Loaded [ignition::physics::dartsim::Plugin] from library [/usr/lib/aarch64-linux-gnu/ign-physics-5/engine-plugins/libignition-physics-dartsim-plugin.so]
(2025-01-18T18:09:45.162371708) (2025-01-18T18:09:45.162512333) [Dbg] [SystemManager.cc:70] Loaded system [gz::sim::systems::Physics] for entity [1]
(2025-01-18T18:09:45.168616875) (2025-01-18T18:09:45.168762667) [Msg] Create service on [/world/default/create]
(2025-01-18T18:09:45.169261208) (2025-01-18T18:09:45.169404875) [Msg] Remove service on [/world/default/remove]
(2025-01-18T18:09:45.169857167) (2025-01-18T18:09:45.170001083) [Msg] Pose service on [/world/default/set_pose]
(2025-01-18T18:09:45.170433042) (2025-01-18T18:09:45.170570958) [Msg] Pose service on [/world/default/set_pose_vector]
(2025-01-18T18:09:45.171094375) (2025-01-18T18:09:45.171239792) [Msg] Light configuration service on [/world/default/light_config]
(2025-01-18T18:09:45.171732958) (2025-01-18T18:09:45.171875333) [Msg] Physics service on [/world/default/set_physics]
(2025-01-18T18:09:45.172343667) (2025-01-18T18:09:45.172490125) [Msg] SphericalCoordinates service on [/world/default/set_spherical_coordinates]
(2025-01-18T18:09:45.172867000) (2025-01-18T18:09:45.173006500) [Msg] Enable collision service on [/world/default/enable_collision]
(2025-01-18T18:09:45.173408917) (2025-01-18T18:09:45.173542792) [Msg] Disable collision service on [/world/default/disable_collision]
(2025-01-18T18:09:45.174032583) (2025-01-18T18:09:45.174170792) [Msg] Material service on [/world/default/visual_config]
(2025-01-18T18:09:45.174613542) (2025-01-18T18:09:45.174750542) [Msg] Material service on [/world/default/wheel_slip]
(2025-01-18T18:09:45.175144875) (2025-01-18T18:09:45.175283208) [Dbg] [SystemManager.cc:70] Loaded system [gz::sim::systems::UserCommands] for entity [1]
(2025-01-18T18:09:45.181253833) (2025-01-18T18:09:45.181390250) [Dbg] [SystemManager.cc:70] Loaded system [gz::sim::systems::SceneBroadcaster] for entity [1]
(2025-01-18T18:09:45.182010708) (2025-01-18T18:09:45.182128375) [Msg] Serving world controls on [/world/default/control], [/world/default/control/state] and [/world/default/playback/control]
(2025-01-18T18:09:45.182761958) (2025-01-18T18:09:45.182911417) [Msg] Serving GUI information on [/world/default/gui/info]
(2025-01-18T18:09:45.183369917) (2025-01-18T18:09:45.183509375) [Msg] World [default] initialized with [default_physics] physics profile.
(2025-01-18T18:09:45.184094667) (2025-01-18T18:09:45.184236750) [Msg] Serving world SDF generation service on [/world/default/generate_world_sdf]
(2025-01-18T18:09:45.184744583) (2025-01-18T18:09:45.184889750) [Msg] Serving world names on [/gazebo/worlds]
(2025-01-18T18:09:45.291460583) (2025-01-18T18:09:45.291819083) [Msg] Resource path add service on [/gazebo/resource_paths/add].
(2025-01-18T18:09:45.292865833) (2025-01-18T18:09:45.293288375) [Msg] Resource path get service on [/gazebo/resource_paths/get].
(2025-01-18T18:09:45.294546000) (2025-01-18T18:09:45.294895833) [Msg] Resource path resolve service on [/gazebo/resource_paths/resolve].
(2025-01-18T18:09:45.295730417) (2025-01-18T18:09:45.296589917) [Msg] Resource paths published on [/gazebo/resource_paths].
(2025-01-18T18:09:45.400317917) (2025-01-18T18:09:45.400530584) [Msg] Server control service on [/server_control].
(2025-01-18T18:09:45.406191500) (2025-01-18T18:09:45.406294042) [Msg] Found no publishers on /stats, adding root stats topic
(2025-01-18T18:09:45.406571000) (2025-01-18T18:09:45.406657584) [Msg] Found no publishers on /clock, adding root clock topic
(2025-01-18T18:09:45.406896625) (2025-01-18T18:09:45.406976625) [Dbg] [SimulationRunner.cc:496] Creating PostUpdate worker threads: 2
(2025-01-18T18:09:45.407231500) (2025-01-18T18:09:45.407327709) [Dbg] [SimulationRunner.cc:507] Creating postupdate worker thread (0)
(2025-01-18T18:09:45.412215834) (2025-01-18T18:09:45.412361375) [Msg] Serving scene information on [/world/default/scene/info]
(2025-01-18T18:09:45.412911584) (2025-01-18T18:09:45.413070125) [Msg] Serving graph information on [/world/default/scene/graph]
(2025-01-18T18:09:45.413852084) (2025-01-18T18:09:45.413986542) [Msg] Serving full state on [/world/default/state]
(2025-01-18T18:09:45.414510167) (2025-01-18T18:09:45.414710750) [Msg] Serving full state (async) on [/world/default/state_async]
(2025-01-18T18:09:45.415298584) (2025-01-18T18:09:45.415419125) [Msg] Publishing scene information on [/world/default/scene/info]
(2025-01-18T18:09:45.415875250) (2025-01-18T18:09:45.416010417) [Msg] Publishing entity deletions on [/world/default/scene/deletion]
(2025-01-18T18:09:45.416426667) (2025-01-18T18:09:45.416565459) [Msg] Publishing state changes on [/world/default/state]
(2025-01-18T18:09:45.416985459) (2025-01-18T18:09:45.417120209) [Msg] Publishing pose messages on [/world/default/pose/info]
(2025-01-18T18:09:45.417554000) (2025-01-18T18:09:45.417691125) [Msg] Publishing dynamic pose messages on [/world/default/dynamic_pose/info]
(2025-01-18T18:09:45.418234625) (2025-01-18T18:09:45.418370917) [Dbg] [EntityComponentManager.cc:1623] Updated state thread iterators: 3 threads processing around 1 entities each.
(2025-01-18T18:09:45.419304584) (2025-01-18T18:09:45.419438417) [Wrn] [Component.hh:144] Trying to serialize component with data type [N3sdf3v125WorldE], which doesn't have `operator<<`. Component will not be serialized.
(2025-01-18T18:10:08.6876719) (2025-01-18T18:10:08.7036511) [Dbg] [SignalHandler.cc:141] Received signal[2].
(2025-01-18T18:10:08.7501553) (2025-01-18T18:10:08.7644636) [Dbg] [ServerPrivate.cc:110] Server received signal[2]
(2025-01-18T18:10:08.8097928) (2025-01-18T18:10:08.8262594) [Dbg] [gz.cc:410] Shutting down ign-gazebo-server
(2025-01-18T18:10:08.22045386) (2025-01-18T18:10:08.22254511) [Dbg] [SimulationRunner.cc:523] Exiting postupdate worker thread (0)
